This is pdfTeX, Version 3.1415926-2.5-1.40.14 (MiKTeX 2.9) (preloaded format=pdflatex 2014.10.1)  23 MAR 2015 10:05
entering extended mode
**U:/Year*2/Computing/COMP4Coursework/coursework.tex
("U:/Year 2/Computing/COMP4Coursework/coursework.tex"
LaTeX2e <2014/05/01>
Babel <3.9l> and hyphenation patterns for 68 languages loaded.
("C:\Program Files (x86)\MiKTeX 2.9\tex\latex\base\report.cls"
Document Class: report 2007/10/19 v1.4h Standard LaTeX document class
("C:\Program Files (x86)\MiKTeX 2.9\tex\latex\base\size10.clo"
File: size10.clo 2007/10/19 v1.4h Standard LaTeX file (size option)
)
\c@part=\count79
\c@chapter=\count80
\c@section=\count81
\c@subsection=\count82
\c@subsubsection=\count83
\c@paragraph=\count84
\c@subparagraph=\count85
\c@figure=\count86
\c@table=\count87
\abovecaptionskip=\skip41
\belowcaptionskip=\skip42
\bibindent=\dimen102
)
\@input{settings.aux}
("U:\Year 2\Computing\COMP4Coursework\settings.tex"
(C:\Users\30928\AppData\Roaming\MiKTeX\2.9\tex\latex\titlesec\titletoc.sty
Package: titletoc 2011/12/15 v1.6 TOC entries
\ttl@leftsep=\dimen103
)
("C:\Program Files (x86)\MiKTeX 2.9\tex\latex\base\inputenc.sty"
Package: inputenc 2014/04/30 v1.2b Input encoding file
\inpenc@prehook=\toks14
\inpenc@posthook=\toks15

("C:\Program Files (x86)\MiKTeX 2.9\tex\latex\base\utf8.def"
File: utf8.def 2008/04/05 v1.1m UTF-8 support for inputenc
Now handling font encoding OML ...
... no UTF-8 mapping file for font encoding OML
Now handling font encoding T1 ...
... processing UTF-8 mapping file for font encoding T1

("C:\Program Files (x86)\MiKTeX 2.9\tex\latex\base\t1enc.dfu"
File: t1enc.dfu 2008/04/05 v1.1m UTF-8 support for inputenc
   defining Unicode char U+00A1 (decimal 161)
   defining Unicode char U+00A3 (decimal 163)
   defining Unicode char U+00AB (decimal 171)
   defining Unicode char U+00BB (decimal 187)
   defining Unicode char U+00BF (decimal 191)
   defining Unicode char U+00C0 (decimal 192)
   defining Unicode char U+00C1 (decimal 193)
   defining Unicode char U+00C2 (decimal 194)
   defining Unicode char U+00C3 (decimal 195)
   defining Unicode char U+00C4 (decimal 196)
   defining Unicode char U+00C5 (decimal 197)
   defining Unicode char U+00C6 (decimal 198)
   defining Unicode char U+00C7 (decimal 199)
   defining Unicode char U+00C8 (decimal 200)
   defining Unicode char U+00C9 (decimal 201)
   defining Unicode char U+00CA (decimal 202)
   defining Unicode char U+00CB (decimal 203)
   defining Unicode char U+00CC (decimal 204)
   defining Unicode char U+00CD (decimal 205)
   defining Unicode char U+00CE (decimal 206)
   defining Unicode char U+00CF (decimal 207)
   defining Unicode char U+00D0 (decimal 208)
   defining Unicode char U+00D1 (decimal 209)
   defining Unicode char U+00D2 (decimal 210)
   defining Unicode char U+00D3 (decimal 211)
   defining Unicode char U+00D4 (decimal 212)
   defining Unicode char U+00D5 (decimal 213)
   defining Unicode char U+00D6 (decimal 214)
   defining Unicode char U+00D8 (decimal 216)
   defining Unicode char U+00D9 (decimal 217)
   defining Unicode char U+00DA (decimal 218)
   defining Unicode char U+00DB (decimal 219)
   defining Unicode char U+00DC (decimal 220)
   defining Unicode char U+00DD (decimal 221)
   defining Unicode char U+00DE (decimal 222)
   defining Unicode char U+00DF (decimal 223)
   defining Unicode char U+00E0 (decimal 224)
   defining Unicode char U+00E1 (decimal 225)
   defining Unicode char U+00E2 (decimal 226)
   defining Unicode char U+00E3 (decimal 227)
   defining Unicode char U+00E4 (decimal 228)
   defining Unicode char U+00E5 (decimal 229)
   defining Unicode char U+00E6 (decimal 230)
   defining Unicode char U+00E7 (decimal 231)
   defining Unicode char U+00E8 (decimal 232)
   defining Unicode char U+00E9 (decimal 233)
   defining Unicode char U+00EA (decimal 234)
   defining Unicode char U+00EB (decimal 235)
   defining Unicode char U+00EC (decimal 236)
   defining Unicode char U+00ED (decimal 237)
   defining Unicode char U+00EE (decimal 238)
   defining Unicode char U+00EF (decimal 239)
   defining Unicode char U+00F0 (decimal 240)
   defining Unicode char U+00F1 (decimal 241)
   defining Unicode char U+00F2 (decimal 242)
   defining Unicode char U+00F3 (decimal 243)
   defining Unicode char U+00F4 (decimal 244)
   defining Unicode char U+00F5 (decimal 245)
   defining Unicode char U+00F6 (decimal 246)
   defining Unicode char U+00F8 (decimal 248)
   defining Unicode char U+00F9 (decimal 249)
   defining Unicode char U+00FA (decimal 250)
   defining Unicode char U+00FB (decimal 251)
   defining Unicode char U+00FC (decimal 252)
   defining Unicode char U+00FD (decimal 253)
   defining Unicode char U+00FE (decimal 254)
   defining Unicode char U+00FF (decimal 255)
   defining Unicode char U+0102 (decimal 258)
   defining Unicode char U+0103 (decimal 259)
   defining Unicode char U+0104 (decimal 260)
   defining Unicode char U+0105 (decimal 261)
   defining Unicode char U+0106 (decimal 262)
   defining Unicode char U+0107 (decimal 263)
   defining Unicode char U+010C (decimal 268)
   defining Unicode char U+010D (decimal 269)
   defining Unicode char U+010E (decimal 270)
   defining Unicode char U+010F (decimal 271)
   defining Unicode char U+0110 (decimal 272)
   defining Unicode char U+0111 (decimal 273)
   defining Unicode char U+0118 (decimal 280)
   defining Unicode char U+0119 (decimal 281)
   defining Unicode char U+011A (decimal 282)
   defining Unicode char U+011B (decimal 283)
   defining Unicode char U+011E (decimal 286)
   defining Unicode char U+011F (decimal 287)
   defining Unicode char U+0130 (decimal 304)
   defining Unicode char U+0131 (decimal 305)
   defining Unicode char U+0132 (decimal 306)
   defining Unicode char U+0133 (decimal 307)
   defining Unicode char U+0139 (decimal 313)
   defining Unicode char U+013A (decimal 314)
   defining Unicode char U+013D (decimal 317)
   defining Unicode char U+013E (decimal 318)
   defining Unicode char U+0141 (decimal 321)
   defining Unicode char U+0142 (decimal 322)
   defining Unicode char U+0143 (decimal 323)
   defining Unicode char U+0144 (decimal 324)
   defining Unicode char U+0147 (decimal 327)
   defining Unicode char U+0148 (decimal 328)
   defining Unicode char U+014A (decimal 330)
   defining Unicode char U+014B (decimal 331)
   defining Unicode char U+0150 (decimal 336)
   defining Unicode char U+0151 (decimal 337)
   defining Unicode char U+0152 (decimal 338)
   defining Unicode char U+0153 (decimal 339)
   defining Unicode char U+0154 (decimal 340)
   defining Unicode char U+0155 (decimal 341)
   defining Unicode char U+0158 (decimal 344)
   defining Unicode char U+0159 (decimal 345)
   defining Unicode char U+015A (decimal 346)
   defining Unicode char U+015B (decimal 347)
   defining Unicode char U+015E (decimal 350)
   defining Unicode char U+015F (decimal 351)
   defining Unicode char U+0160 (decimal 352)
   defining Unicode char U+0161 (decimal 353)
   defining Unicode char U+0162 (decimal 354)
   defining Unicode char U+0163 (decimal 355)
   defining Unicode char U+0164 (decimal 356)
   defining Unicode char U+0165 (decimal 357)
   defining Unicode char U+016E (decimal 366)
   defining Unicode char U+016F (decimal 367)
   defining Unicode char U+0170 (decimal 368)
   defining Unicode char U+0171 (decimal 369)
   defining Unicode char U+0178 (decimal 376)
   defining Unicode char U+0179 (decimal 377)
   defining Unicode char U+017A (decimal 378)
   defining Unicode char U+017B (decimal 379)
   defining Unicode char U+017C (decimal 380)
   defining Unicode char U+017D (decimal 381)
   defining Unicode char U+017E (decimal 382)
   defining Unicode char U+200C (decimal 8204)
   defining Unicode char U+2013 (decimal 8211)
   defining Unicode char U+2014 (decimal 8212)
   defining Unicode char U+2018 (decimal 8216)
   defining Unicode char U+2019 (decimal 8217)
   defining Unicode char U+201A (decimal 8218)
   defining Unicode char U+201C (decimal 8220)
   defining Unicode char U+201D (decimal 8221)
   defining Unicode char U+201E (decimal 8222)
   defining Unicode char U+2030 (decimal 8240)
   defining Unicode char U+2031 (decimal 8241)
   defining Unicode char U+2039 (decimal 8249)
   defining Unicode char U+203A (decimal 8250)
   defining Unicode char U+2423 (decimal 9251)
)
Now handling font encoding OT1 ...
... processing UTF-8 mapping file for font encoding OT1

("C:\Program Files (x86)\MiKTeX 2.9\tex\latex\base\ot1enc.dfu"
File: ot1enc.dfu 2008/04/05 v1.1m UTF-8 support for inputenc
   defining Unicode char U+00A1 (decimal 161)
   defining Unicode char U+00A3 (decimal 163)
   defining Unicode char U+00B8 (decimal 184)
   defining Unicode char U+00BF (decimal 191)
   defining Unicode char U+00C5 (decimal 197)
   defining Unicode char U+00C6 (decimal 198)
   defining Unicode char U+00D8 (decimal 216)
   defining Unicode char U+00DF (decimal 223)
   defining Unicode char U+00E6 (decimal 230)
   defining Unicode char U+00EC (decimal 236)
   defining Unicode char U+00ED (decimal 237)
   defining Unicode char U+00EE (decimal 238)
   defining Unicode char U+00EF (decimal 239)
   defining Unicode char U+00F8 (decimal 248)
   defining Unicode char U+0131 (decimal 305)
   defining Unicode char U+0141 (decimal 321)
   defining Unicode char U+0142 (decimal 322)
   defining Unicode char U+0152 (decimal 338)
   defining Unicode char U+0153 (decimal 339)
   defining Unicode char U+2013 (decimal 8211)
   defining Unicode char U+2014 (decimal 8212)
   defining Unicode char U+2018 (decimal 8216)
   defining Unicode char U+2019 (decimal 8217)
   defining Unicode char U+201C (decimal 8220)
   defining Unicode char U+201D (decimal 8221)
)
Now handling font encoding OMS ...
... processing UTF-8 mapping file for font encoding OMS

("C:\Program Files (x86)\MiKTeX 2.9\tex\latex\base\omsenc.dfu"
File: omsenc.dfu 2008/04/05 v1.1m UTF-8 support for inputenc
   defining Unicode char U+00A7 (decimal 167)
   defining Unicode char U+00B6 (decimal 182)
   defining Unicode char U+00B7 (decimal 183)
   defining Unicode char U+2020 (decimal 8224)
   defining Unicode char U+2021 (decimal 8225)
   defining Unicode char U+2022 (decimal 8226)
)
Now handling font encoding OMX ...
... no UTF-8 mapping file for font encoding OMX
Now handling font encoding U ...
... no UTF-8 mapping file for font encoding U
   defining Unicode char U+00A9 (decimal 169)
   defining Unicode char U+00AA (decimal 170)
   defining Unicode char U+00AE (decimal 174)
   defining Unicode char U+00BA (decimal 186)
   defining Unicode char U+02C6 (decimal 710)
   defining Unicode char U+02DC (decimal 732)
   defining Unicode char U+200C (decimal 8204)
   defining Unicode char U+2026 (decimal 8230)
   defining Unicode char U+2122 (decimal 8482)
   defining Unicode char U+2423 (decimal 9251)
))
("C:\Program Files (x86)\MiKTeX 2.9\tex\latex\listings\listings.sty"
("C:\Program Files (x86)\MiKTeX 2.9\tex\latex\graphics\keyval.sty"
Package: keyval 2014/05/08 v1.15 key=value parser (DPC)
\KV@toks@=\toks16
)
\lst@mode=\count88
\lst@gtempboxa=\box26
\lst@token=\toks17
\lst@length=\count89
\lst@currlwidth=\dimen104
\lst@column=\count90
\lst@pos=\count91
\lst@lostspace=\dimen105
\lst@width=\dimen106
\lst@newlines=\count92
\lst@lineno=\count93
\lst@maxwidth=\dimen107

("C:\Program Files (x86)\MiKTeX 2.9\tex\latex\listings\lstmisc.sty"
File: lstmisc.sty 2014/09/06 1.5e (Carsten Heinz)
\c@lstnumber=\count94
\lst@skipnumbers=\count95
\lst@framebox=\box27
)
("C:\Program Files (x86)\MiKTeX 2.9\tex\latex\listings\listings.cfg"
File: listings.cfg 2014/09/06 1.5e listings configuration
))
Package: listings 2014/09/06 1.5e (Carsten Heinz)

("C:\Program Files (x86)\MiKTeX 2.9\tex\latex\fancybox\fancybox.sty"
Package: fancybox 2010/05/15 1.4

Style option: `fancybox' v1.4 <2010/05/15> (tvz)
\@fancybox=\box28
\shadowsize=\dimen108
\@Sbox=\box29
\do@VerbBox=\toks18
\the@fancyput=\toks19
\this@fancyput=\toks20
\EndVerbatimTokens=\toks21
\Verbatim@Outfile=\write3
\Verbatim@Infile=\read1
) ("C:\Program Files (x86)\MiKTeX 2.9\tex\latex\graphics\graphicx.sty"
Package: graphicx 2014/04/25 v1.0g Enhanced LaTeX Graphics (DPC,SPQR)

("C:\Program Files (x86)\MiKTeX 2.9\tex\latex\graphics\graphics.sty"
Package: graphics 2009/02/05 v1.0o Standard LaTeX Graphics (DPC,SPQR)

("C:\Program Files (x86)\MiKTeX 2.9\tex\latex\graphics\trig.sty"
Package: trig 1999/03/16 v1.09 sin cos tan (DPC)
)
("C:\Program Files (x86)\MiKTeX 2.9\tex\latex\00miktex\graphics.cfg"
File: graphics.cfg 2007/01/18 v1.5 graphics configuration of teTeX/TeXLive
)
Package graphics Info: Driver file: pdftex.def on input line 91.

("C:\Program Files (x86)\MiKTeX 2.9\tex\latex\pdftex-def\pdftex.def"
File: pdftex.def 2011/05/27 v0.06d Graphics/color for pdfTeX

("C:\Program Files (x86)\MiKTeX 2.9\tex\generic\oberdiek\infwarerr.sty"
Package: infwarerr 2010/04/08 v1.3 Providing info/warning/error messages (HO)
)
("C:\Program Files (x86)\MiKTeX 2.9\tex\generic\oberdiek\ltxcmds.sty"
Package: ltxcmds 2011/11/09 v1.22 LaTeX kernel commands for general use (HO)
)
\Gread@gobject=\count96
))
\Gin@req@height=\dimen109
\Gin@req@width=\dimen110
)
("C:\Program Files (x86)\MiKTeX 2.9\tex\latex\ltxmisc\parskip.sty"
Package: parskip 2001/04/09 non-zero parskip adjustments
)
("C:\Program Files (x86)\MiKTeX 2.9\tex\latex\mathtools\mathtools.sty"
Package: mathtools 2014/07/16 v1.15 mathematical typesetting tools

("C:\Program Files (x86)\MiKTeX 2.9\tex\latex\tools\calc.sty"
Package: calc 2007/08/22 v4.3 Infix arithmetic (KKT,FJ)
\calc@Acount=\count97
\calc@Bcount=\count98
\calc@Adimen=\dimen111
\calc@Bdimen=\dimen112
\calc@Askip=\skip43
\calc@Bskip=\skip44
LaTeX Info: Redefining \setlength on input line 75.
LaTeX Info: Redefining \addtolength on input line 76.
\calc@Ccount=\count99
\calc@Cskip=\skip45
)
("C:\Program Files (x86)\MiKTeX 2.9\tex\latex\mathtools\mhsetup.sty"
Package: mhsetup 2010/01/21 v1.2a programming setup (MH)
)
("C:\Program Files (x86)\MiKTeX 2.9\tex\latex\amsmath\amsmath.sty"
Package: amsmath 2013/01/14 v2.14 AMS math features
\@mathmargin=\skip46

For additional information on amsmath, use the `?' option.
("C:\Program Files (x86)\MiKTeX 2.9\tex\latex\amsmath\amstext.sty"
Package: amstext 2000/06/29 v2.01

("C:\Program Files (x86)\MiKTeX 2.9\tex\latex\amsmath\amsgen.sty"
File: amsgen.sty 1999/11/30 v2.0
\@emptytoks=\toks22
\ex@=\dimen113
))
("C:\Program Files (x86)\MiKTeX 2.9\tex\latex\amsmath\amsbsy.sty"
Package: amsbsy 1999/11/29 v1.2d
\pmbraise@=\dimen114
)
("C:\Program Files (x86)\MiKTeX 2.9\tex\latex\amsmath\amsopn.sty"
Package: amsopn 1999/12/14 v2.01 operator names
)
\inf@bad=\count100
LaTeX Info: Redefining \frac on input line 210.
\uproot@=\count101
\leftroot@=\count102
LaTeX Info: Redefining \overline on input line 306.
\classnum@=\count103
\DOTSCASE@=\count104
LaTeX Info: Redefining \ldots on input line 378.
LaTeX Info: Redefining \dots on input line 381.
LaTeX Info: Redefining \cdots on input line 466.
\Mathstrutbox@=\box30
\strutbox@=\box31
\big@size=\dimen115
LaTeX Font Info:    Redeclaring font encoding OML on input line 566.
LaTeX Font Info:    Redeclaring font encoding OMS on input line 567.
\macc@depth=\count105
\c@MaxMatrixCols=\count106
\dotsspace@=\muskip10
\c@parentequation=\count107
\dspbrk@lvl=\count108
\tag@help=\toks23
\row@=\count109
\column@=\count110
\maxfields@=\count111
\andhelp@=\toks24
\eqnshift@=\dimen116
\alignsep@=\dimen117
\tagshift@=\dimen118
\tagwidth@=\dimen119
\totwidth@=\dimen120
\lineht@=\dimen121
\@envbody=\toks25
\multlinegap=\skip47
\multlinetaggap=\skip48
\mathdisplay@stack=\toks26
LaTeX Info: Redefining \[ on input line 2665.
LaTeX Info: Redefining \] on input line 2666.
)
LaTeX Info: Thecontrolsequence`\['isalreadyrobust on input line 129.
LaTeX Info: Thecontrolsequence`\]'isalreadyrobust on input line 129.
\g_MT_multlinerow_int=\count112
\l_MT_multwidth_dim=\dimen122
\origjot=\skip49
\l_MT_shortvdotswithinadjustabove_dim=\dimen123
\l_MT_shortvdotswithinadjustbelow_dim=\dimen124
\l_MT_above_intertext_sep=\dimen125
\l_MT_below_intertext_sep=\dimen126
\l_MT_above_shortintertext_sep=\dimen127
\l_MT_below_shortintertext_sep=\dimen128
)
("C:\Program Files (x86)\MiKTeX 2.9\tex\latex\hyperref\hyperref.sty"
Package: hyperref 2012/11/06 v6.83m Hypertext links for LaTeX

("C:\Program Files (x86)\MiKTeX 2.9\tex\generic\oberdiek\hobsub-hyperref.sty"
Package: hobsub-hyperref 2012/04/25 v1.12 Bundle oberdiek, subset hyperref (HO)


("C:\Program Files (x86)\MiKTeX 2.9\tex\generic\oberdiek\hobsub-generic.sty"
Package: hobsub-generic 2012/04/25 v1.12 Bundle oberdiek, subset generic (HO)
Package: hobsub 2012/04/25 v1.12 Construct package bundles (HO)
Package hobsub Info: Skipping package `infwarerr' (already loaded).
Package hobsub Info: Skipping package `ltxcmds' (already loaded).
Package: ifluatex 2010/03/01 v1.3 Provides the ifluatex switch (HO)
Package ifluatex Info: LuaTeX not detected.
Package: ifvtex 2010/03/01 v1.5 Detect VTeX and its facilities (HO)
Package ifvtex Info: VTeX not detected.
Package: intcalc 2007/09/27 v1.1 Expandable calculations with integers (HO)
Package: ifpdf 2011/01/30 v2.3 Provides the ifpdf switch (HO)
Package ifpdf Info: pdfTeX in PDF mode is detected.
Package: etexcmds 2011/02/16 v1.5 Avoid name clashes with e-TeX commands (HO)
Package etexcmds Info: Could not find \expanded.
(etexcmds)             That can mean that you are not using pdfTeX 1.50 or
(etexcmds)             that some package has redefined \expanded.
(etexcmds)             In the latter case, load this package earlier.
Package: kvsetkeys 2012/04/25 v1.16 Key value parser (HO)
Package: kvdefinekeys 2011/04/07 v1.3 Define keys (HO)
Package: pdftexcmds 2011/11/29 v0.20 Utility functions of pdfTeX for LuaTeX (HO
)
Package pdftexcmds Info: LuaTeX not detected.
Package pdftexcmds Info: \pdf@primitive is available.
Package pdftexcmds Info: \pdf@ifprimitive is available.
Package pdftexcmds Info: \pdfdraftmode found.
Package: pdfescape 2011/11/25 v1.13 Implements pdfTeX's escape features (HO)
Package: bigintcalc 2012/04/08 v1.3 Expandable calculations on big integers (HO
)
Package: bitset 2011/01/30 v1.1 Handle bit-vector datatype (HO)
Package: uniquecounter 2011/01/30 v1.2 Provide unlimited unique counter (HO)
)
Package hobsub Info: Skipping package `hobsub' (already loaded).
Package: letltxmacro 2010/09/02 v1.4 Let assignment for LaTeX macros (HO)
Package: hopatch 2011/06/24 v1.1 Wrapper for package hooks (HO)
Package: xcolor-patch 2011/01/30 xcolor patch
Package: atveryend 2011/06/30 v1.8 Hooks at the very end of document (HO)
Package atveryend Info: \enddocument detected (standard20110627).
Package: atbegshi 2011/10/05 v1.16 At begin shipout hook (HO)
Package: refcount 2011/10/16 v3.4 Data extraction from label references (HO)
Package: hycolor 2011/01/30 v1.7 Color options for hyperref/bookmark (HO)
)
("C:\Program Files (x86)\MiKTeX 2.9\tex\generic\ifxetex\ifxetex.sty"
Package: ifxetex 2010/09/12 v0.6 Provides ifxetex conditional
)
("C:\Program Files (x86)\MiKTeX 2.9\tex\latex\oberdiek\auxhook.sty"
Package: auxhook 2011/03/04 v1.3 Hooks for auxiliary files (HO)
)
("C:\Program Files (x86)\MiKTeX 2.9\tex\latex\oberdiek\kvoptions.sty"
Package: kvoptions 2011/06/30 v3.11 Key value format for package options (HO)
)
\@linkdim=\dimen129
\Hy@linkcounter=\count113
\Hy@pagecounter=\count114

("C:\Program Files (x86)\MiKTeX 2.9\tex\latex\hyperref\pd1enc.def"
File: pd1enc.def 2012/11/06 v6.83m Hyperref: PDFDocEncoding definition (HO)
Now handling font encoding PD1 ...
... no UTF-8 mapping file for font encoding PD1
)
\Hy@SavedSpaceFactor=\count115

("C:\Program Files (x86)\MiKTeX 2.9\tex\latex\00miktex\hyperref.cfg"
File: hyperref.cfg 2002/06/06 v1.2 hyperref configuration of TeXLive
)
Package hyperref Info: Hyper figures OFF on input line 4443.
Package hyperref Info: Link nesting OFF on input line 4448.
Package hyperref Info: Hyper index ON on input line 4451.
Package hyperref Info: Plain pages OFF on input line 4458.
Package hyperref Info: Backreferencing OFF on input line 4463.
Package hyperref Info: Implicit mode ON; LaTeX internals redefined.
Package hyperref Info: Bookmarks ON on input line 4688.
\c@Hy@tempcnt=\count116

("C:\Program Files (x86)\MiKTeX 2.9\tex\latex\url\url.sty"
\Urlmuskip=\muskip11
Package: url 2013/09/16  ver 3.4  Verb mode for urls, etc.
)
LaTeX Info: Redefining \url on input line 5041.
\XeTeXLinkMargin=\dimen130
\Fld@menulength=\count117
\Field@Width=\dimen131
\Fld@charsize=\dimen132
Package hyperref Info: Hyper figures OFF on input line 6295.
Package hyperref Info: Link nesting OFF on input line 6300.
Package hyperref Info: Hyper index ON on input line 6303.
Package hyperref Info: backreferencing OFF on input line 6310.
Package hyperref Info: Link coloring OFF on input line 6315.
Package hyperref Info: Link coloring with OCG OFF on input line 6320.
Package hyperref Info: PDF/A mode OFF on input line 6325.
LaTeX Info: Redefining \ref on input line 6365.
LaTeX Info: Redefining \pageref on input line 6369.
\Hy@abspage=\count118
\c@Item=\count119
\c@Hfootnote=\count120
)

Package hyperref Message: Driver (autodetected): hpdftex.

("C:\Program Files (x86)\MiKTeX 2.9\tex\latex\hyperref\hpdftex.def"
File: hpdftex.def 2012/11/06 v6.83m Hyperref driver for pdfTeX
\Fld@listcount=\count121
\c@bookmark@seq@number=\count122

("C:\Program Files (x86)\MiKTeX 2.9\tex\latex\oberdiek\rerunfilecheck.sty"
Package: rerunfilecheck 2011/04/15 v1.7 Rerun checks for auxiliary files (HO)
Package uniquecounter Info: New unique counter `rerunfilecheck' on input line 2
82.
)
\Hy@SectionHShift=\skip50
)
("C:\Program Files (x86)\MiKTeX 2.9\tex\latex\marvosym\marvosym.sty"
Package: marvosym 2011/07/20 v2.2 Martin Vogel's Symbols font definitions
)
("C:\Program Files (x86)\MiKTeX 2.9\tex\latex\enumitem\enumitem.sty"
Package: enumitem 2011/09/28 v3.5.2 Customized lists
\labelindent=\skip51
\enit@outerparindent=\dimen133
\enit@toks=\toks27
\enit@inbox=\box32
\enitdp@description=\count123
)
("C:\Program Files (x86)\MiKTeX 2.9\tex\latex\float\float.sty"
Package: float 2001/11/08 v1.3d Float enhancements (AL)
\c@float@type=\count124
\float@exts=\toks28
\float@box=\box33
\@float@everytoks=\toks29
\@floatcapt=\box34
)
("C:\Program Files (x86)\MiKTeX 2.9\tex\latex\algorithmicx\algpseudocode.sty"
Package: algpseudocode 

("C:\Program Files (x86)\MiKTeX 2.9\tex\latex\base\ifthen.sty"
Package: ifthen 2001/05/26 v1.1c Standard LaTeX ifthen package (DPC)
)
("C:\Program Files (x86)\MiKTeX 2.9\tex\latex\algorithmicx\algorithmicx.sty"
Package: algorithmicx 2005/04/27 v1.2 Algorithmicx

Document Style algorithmicx 1.2 - a greatly improved `algorithmic' style
\c@ALG@line=\count125
\c@ALG@rem=\count126
\c@ALG@nested=\count127
\ALG@tlm=\skip52
\ALG@thistlm=\skip53
\c@ALG@Lnr=\count128
\c@ALG@blocknr=\count129
\c@ALG@storecount=\count130
\c@ALG@tmpcounter=\count131
\ALG@tmplength=\skip54
)
Document Style - pseudocode environments for use with the `algorithmicx' style
) (C:\Users\30928\AppData\Roaming\MiKTeX\2.9\tex\latex\algorithms\algorithm.sty
Package: algorithm 2009/08/24 v0.1 Document Style `algorithm' - floating enviro
nment
\@float@every@algorithm=\toks30
\c@algorithm=\count132
) ("C:\Program Files (x86)\MiKTeX 2.9\tex\latex\comment\comment.sty"
\CommentStream=\write4

Excluding comment 'comment')
("C:\Program Files (x86)\MiKTeX 2.9\tex\latex\graphics\color.sty"
Package: color 2014/04/23 v1.1a Standard LaTeX Color (DPC)

("C:\Program Files (x86)\MiKTeX 2.9\tex\latex\00miktex\color.cfg"
File: color.cfg 2007/01/18 v1.5 color configuration of teTeX/TeXLive
)
Package color Info: Driver file: pdftex.def on input line 137.
)
(C:\Users\30928\AppData\Roaming\MiKTeX\2.9\tex\latex\colortbl\colortbl.sty
Package: colortbl 2012/02/13 v1.0a Color table columns (DPC)

("C:\Program Files (x86)\MiKTeX 2.9\tex\latex\tools\array.sty"
Package: array 2008/09/09 v2.4c Tabular extension package (FMi)
\col@sep=\dimen134
\extrarowheight=\dimen135
\NC@list=\toks31
\extratabsurround=\skip55
\backup@length=\skip56
)
\everycr=\toks32
\minrowclearance=\skip57
)
("C:\Program Files (x86)\MiKTeX 2.9\tex\latex\tools\longtable.sty"
Package: longtable 2004/02/01 v4.11 Multi-page Table package (DPC)
\LTleft=\skip58
\LTright=\skip59
\LTpre=\skip60
\LTpost=\skip61
\LTchunksize=\count133
\LTcapwidth=\dimen136
\LT@head=\box35
\LT@firsthead=\box36
\LT@foot=\box37
\LT@lastfoot=\box38
\LT@cols=\count134
\LT@rows=\count135
\c@LT@tables=\count136
\c@LT@chunks=\count137
\LT@p@ftn=\toks33
)
("C:\Program Files (x86)\MiKTeX 2.9\tex\latex\oberdiek\pdflscape.sty"
Package: pdflscape 2008/08/11 v0.10 Display of landscape pages in PDF (HO)

("C:\Program Files (x86)\MiKTeX 2.9\tex\latex\graphics\lscape.sty"
Package: lscape 2000/10/22 v3.01 Landscape Pages (DPC)
)
Package pdflscape Info: Auto-detected driver: pdftex on input line 80.
)
("C:\Program Files (x86)\MiKTeX 2.9\tex\latex\fancyhdr\fancyhdr.sty"
\fancy@headwidth=\skip62
\f@ncyO@elh=\skip63
\f@ncyO@erh=\skip64
\f@ncyO@olh=\skip65
\f@ncyO@orh=\skip66
\f@ncyO@elf=\skip67
\f@ncyO@erf=\skip68
\f@ncyO@olf=\skip69
\f@ncyO@orf=\skip70
)
("C:\Program Files (x86)\MiKTeX 2.9\tex\latex\xcolor\xcolor.sty"
Package: xcolor 2007/01/21 v2.11 LaTeX color extensions (UK)

("C:\Program Files (x86)\MiKTeX 2.9\tex\latex\00miktex\color.cfg"
File: color.cfg 2007/01/18 v1.5 color configuration of teTeX/TeXLive
)
Package xcolor Info: Driver file: pdftex.def on input line 225.
LaTeX Info: Redefining \color on input line 702.
Package xcolor Info: Model `cmy' substituted by `cmy0' on input line 1337.
Package xcolor Info: Model `hsb' substituted by `rgb' on input line 1341.
Package xcolor Info: Model `RGB' extended on input line 1353.
Package xcolor Info: Model `HTML' substituted by `rgb' on input line 1355.
Package xcolor Info: Model `Hsb' substituted by `hsb' on input line 1356.
Package xcolor Info: Model `tHsb' substituted by `hsb' on input line 1357.
Package xcolor Info: Model `HSB' substituted by `hsb' on input line 1358.
Package xcolor Info: Model `Gray' substituted by `gray' on input line 1359.
Package xcolor Info: Model `wave' substituted by `hsb' on input line 1360.
))
("U:\Year 2\Computing\COMP4Coursework\coursework.aux"
("U:\Year 2\Computing\COMP4Coursework\Manual\manual.aux"))
LaTeX Font Info:    Checking defaults for OML/cmm/m/it on input line 3.
LaTeX Font Info:    ... okay on input line 3.
LaTeX Font Info:    Checking defaults for T1/cmr/m/n on input line 3.
LaTeX Font Info:    ... okay on input line 3.
LaTeX Font Info:    Checking defaults for OT1/cmr/m/n on input line 3.
LaTeX Font Info:    ... okay on input line 3.
LaTeX Font Info:    Checking defaults for OMS/cmsy/m/n on input line 3.
LaTeX Font Info:    ... okay on input line 3.
LaTeX Font Info:    Checking defaults for OMX/cmex/m/n on input line 3.
LaTeX Font Info:    ... okay on input line 3.
LaTeX Font Info:    Checking defaults for U/cmr/m/n on input line 3.
LaTeX Font Info:    ... okay on input line 3.
LaTeX Font Info:    Checking defaults for PD1/pdf/m/n on input line 3.
LaTeX Font Info:    ... okay on input line 3.
\c@lstlisting=\count138

(C:\Users\30928\AppData\Roaming\MiKTeX\2.9\tex\context\base\supp-pdf.mkii
[Loading MPS to PDF converter (version 2006.09.02).]
\scratchcounter=\count139
\scratchdimen=\dimen137
\scratchbox=\box39
\nofMPsegments=\count140
\nofMParguments=\count141
\everyMPshowfont=\toks34
\MPscratchCnt=\count142
\MPscratchDim=\dimen138
\MPnumerator=\count143
\makeMPintoPDFobject=\count144
\everyMPtoPDFconversion=\toks35
)
\AtBeginShipoutBox=\box40
Package hyperref Info: Link coloring OFF on input line 3.
 ("C:\Program Files (x86)\MiKTeX 2.9\tex\latex\hyperref\nameref.sty"
Package: nameref 2012/10/27 v2.43 Cross-referencing by name of section

("C:\Program Files (x86)\MiKTeX 2.9\tex\generic\oberdiek\gettitlestring.sty"
Package: gettitlestring 2010/12/03 v1.4 Cleanup title references (HO)
)
\c@section@level=\count145
)
LaTeX Info: Redefining \ref on input line 3.
LaTeX Info: Redefining \pageref on input line 3.
LaTeX Info: Redefining \nameref on input line 3.

("U:\Year 2\Computing\COMP4Coursework\coursework.out")
("U:\Year 2\Computing\COMP4Coursework\coursework.out")
\@outlinefile=\write5
 [1



{C:/Users/30928/AppData/Local/MiKTeX/2.9/pdftex/config/pdftex.map}]
("U:\Year 2\Computing\COMP4Coursework\coursework.toc")
\tf@toc=\write6
pdfTeX warning (ext4): destination with the same identifier (name{page.1}) has 
been already used, duplicate ignored
<to be read again> 
                   \relax 
l.15 \include{./Manual/manual}
                               [1

]
("U:\Year 2\Computing\COMP4Coursework\Manual\manual.tex"
Chapter 1.
[2


] ("U:\Year 2\Computing\COMP4Coursework\coursework.toc")
\tf@toc=\write7
\c@ttl@toc@chapters=\count146

("U:\Year 2\Computing\COMP4Coursework\coursework.ptc") [3

]
LaTeX Font Info:    Try loading font information for OMS+cmr on input line 20.

("C:\Program Files (x86)\MiKTeX 2.9\tex\latex\base\omscmr.fd"
File: omscmr.fd 1999/05/25 v2.5h Standard LaTeX font definitions
)
LaTeX Font Info:    Font shape `OMS/cmr/m/n' in size <10> not available
(Font)              Font shape `OMS/cmsy/m/n' tried instead on input line 20.

<./Manual/Installation/MyComputer.png, id=127, 55.70813pt x 73.77562pt>
File: ./Manual/Installation/MyComputer.png Graphic file (type png)

<use ./Manual/Installation/MyComputer.png>
Package pdftex.def Info: ./Manual/Installation/MyComputer.png used on input lin
e 37.
(pdftex.def)             Requested size: 345.0pt x 457.05952pt.
 [4]
<./Manual/Installation/OpenCDR.png, id=133, 590.205pt x 444.91219pt>
File: ./Manual/Installation/OpenCDR.png Graphic file (type png)

<use ./Manual/Installation/OpenCDR.png>
Package pdftex.def Info: ./Manual/Installation/OpenCDR.png used on input line 4
4.
(pdftex.def)             Requested size: 345.0pt x 260.0723pt.
 [5pdfTeX warning (ext4): destination with the same identifier (name{figure.1.1
}) has been already used, duplicate ignored

\AtBegShi@Output ...ipout \box \AtBeginShipoutBox 
                                                  \fi \fi 
l.47 
      <U:/Year 2/Computing/COMP4Coursework/Manual/Installation/MyComputer.png>]
<./Manual/Installation/Install.png, id=140, 517.18219pt x 446.41782pt>
File: ./Manual/Installation/Install.png Graphic file (type png)

<use ./Manual/Installation/Install.png>
Package pdftex.def Info: ./Manual/Installation/Install.png used on input line 5
1.
(pdftex.def)             Requested size: 345.0pt x 297.80414pt.
 [6pdfTeX warning (ext4): destination with the same identifier (name{figure.1.2
}) has been already used, duplicate ignored

\AtBegShi@Output ...ipout \box \AtBeginShipoutBox 
                                                  \fi \fi 
l.54 
      <U:/Year 2/Computing/COMP4Coursework/Manual/Installation/OpenCDR.png>]
<./Manual/Installation/PrepareInstall.png, id=148, 307.1475pt x 121.20282pt>
File: ./Manual/Installation/PrepareInstall.png Graphic file (type png)

<use ./Manual/Installation/PrepareInstall.png>
Package pdftex.def Info: ./Manual/Installation/PrepareInstall.png used on input
 line 58.
(pdftex.def)             Requested size: 345.0pt x 136.14754pt.
 [7pdfTeX warning (ext4): destination with the same identifier (name{figure.1.3
}) has been already used, duplicate ignored

\AtBegShi@Output ...ipout \box \AtBeginShipoutBox 
                                                  \fi \fi 
l.61 
      <U:/Year 2/Computing/COMP4Coursework/Manual/Installation/Install.png>]
<./Manual/Installation/Setup.png, id=155, 383.18156pt x 330.48468pt>
File: ./Manual/Installation/Setup.png Graphic file (type png)

<use ./Manual/Installation/Setup.png>
Package pdftex.def Info: ./Manual/Installation/Setup.png used on input line 63.

(pdftex.def)             Requested size: 345.0pt x 297.56961pt.

<./Manual/Installation/Setup2.png, id=156, 383.18156pt x 330.48468pt>
File: ./Manual/Installation/Setup2.png Graphic file (type png)

<use ./Manual/Installation/Setup2.png>
Package pdftex.def Info: ./Manual/Installation/Setup2.png used on input line 68
.
(pdftex.def)             Requested size: 345.0pt x 297.56961pt.
 [8pdfTeX warning (ext4): destination with the same identifier (name{figure.1.4
}) has been already used, duplicate ignored

\AtBegShi@Output ...ipout \box \AtBeginShipoutBox 
                                                  \fi \fi 
l.71 
     pdfTeX warning (ext4): destination with the same identifier (name{figure.1
.5}) has been already used, duplicate ignored

\AtBegShi@Output ...ipout \box \AtBeginShipoutBox 
                                                  \fi \fi 
l.71 
      <U:/Year 2/Computing/COMP4Coursework/Manual/Installation/PrepareInstall.p
ng> <U:/Year 2/Computing/COMP4Coursework/Manual/Installation/Setup.png>]
<./Manual/Installation/PleaseWaitScreen.png, id=164, 383.18156pt x 330.48468pt>
File: ./Manual/Installation/PleaseWaitScreen.png Graphic file (type png)
<use ./Manual/Installation/PleaseWaitScreen.png>
Package pdftex.def Info: ./Manual/Installation/PleaseWaitScreen.png used on inp
ut line 75.
(pdftex.def)             Requested size: 345.0pt x 297.56961pt.
 [9pdfTeX warning (ext4): destination with the same identifier (name{figure.1.6
}) has been already used, duplicate ignored

\AtBegShi@Output ...ipout \box \AtBeginShipoutBox 
                                                  \fi \fi 
l.78 
      <U:/Year 2/Computing/COMP4Coursework/Manual/Installation/Setup2.png>]
<./Manual/Installation/Permission.png, id=170, 45.16875pt x 30.1125pt>
File: ./Manual/Installation/Permission.png Graphic file (type png)

<use ./Manual/Installation/Permission.png>
Package pdftex.def Info: ./Manual/Installation/Permission.png used on input lin
e 82.
(pdftex.def)             Requested size: 345.0pt x 230.06293pt.
 [10pdfTeX warning (ext4): destination with the same identifier (name{figure.1.
7}) has been already used, duplicate ignored

\AtBegShi@Output ...ipout \box \AtBeginShipoutBox 
                                                  \fi \fi 
l.85 
      <U:/Year 2/Computing/COMP4Coursework/Manual/Installation/PleaseWaitScreen
.png>]
<./Manual/Installation/Installing.png, id=176, 383.18156pt x 330.48468pt>
File: ./Manual/Installation/Installing.png Graphic file (type png)

<use ./Manual/Installation/Installing.png>
Package pdftex.def Info: ./Manual/Installation/Installing.png used on input lin
e 89.
(pdftex.def)             Requested size: 345.0pt x 297.56961pt.
 [11pdfTeX warning (ext4): destination with the same identifier (name{figure.1.
8}) has been already used, duplicate ignored

\AtBegShi@Output ...ipout \box \AtBeginShipoutBox 
                                                  \fi \fi 
l.92 
      <U:/Year 2/Computing/COMP4Coursework/Manual/Installation/Permission.png>]
<./Manual/Installation/Installed.png, id=182, 383.18156pt x 330.48468pt>
File: ./Manual/Installation/Installed.png Graphic file (type png)

<use ./Manual/Installation/Installed.png>
Package pdftex.def Info: ./Manual/Installation/Installed.png used on input line
 94.
(pdftex.def)             Requested size: 345.0pt x 297.56961pt.
 [12pdfTeX warning (ext4): destination with the same identifier (name{figure.1.
9}) has been already used, duplicate ignored

\AtBegShi@Output ...ipout \box \AtBeginShipoutBox 
                                                  \fi \fi 
l.97 
      <U:/Year 2/Computing/COMP4Coursework/Manual/Installation/Installing.png>]
<./Manual/Installation/Shortcut.png, id=189, 393.72093pt x 264.23718pt>
File: ./Manual/Installation/Shortcut.png Graphic file (type png)

<use ./Manual/Installation/Shortcut.png>
Package pdftex.def Info: ./Manual/Installation/Shortcut.png used on input line 
106.
(pdftex.def)             Requested size: 345.0pt x 231.53757pt.
 [13pdfTeX warning (ext4): destination with the same identifier (name{figure.1.
10}) has been already used, duplicate ignored

\AtBegShi@Output ...ipout \box \AtBeginShipoutBox 
                                                  \fi \fi 
l.109 
       <U:/Year 2/Computing/COMP4Coursework/Manual/Installation/Installed.png>]
<./Manual/Installation/CreateShortcut.png, id=195, 472.76625pt x 350.81062pt>
File: ./Manual/Installation/CreateShortcut.png Graphic file (type png)

<use ./Manual/Installation/CreateShortcut.png>
Package pdftex.def Info: ./Manual/Installation/CreateShortcut.png used on input
 line 111.
(pdftex.def)             Requested size: 345.0pt x 256.00932pt.
 [14pdfTeX warning (ext4): destination with the same identifier (name{figure.1.
11}) has been already used, duplicate ignored

\AtBegShi@Output ...ipout \box \AtBeginShipoutBox 
                                                  \fi \fi 
l.114 
       <U:/Year 2/Computing/COMP4Coursework/Manual/Installation/Shortcut.png>]
<./Manual/Installation/BrowseFile.png, id=202, 251.43938pt x 246.1697pt>
File: ./Manual/Installation/BrowseFile.png Graphic file (type png)

<use ./Manual/Installation/BrowseFile.png>
Package pdftex.def Info: ./Manual/Installation/BrowseFile.png used on input lin
e 118.
(pdftex.def)             Requested size: 345.0pt x 337.7688pt.
 [15pdfTeX warning (ext4): destination with the same identifier (name{figure.1.
12}) has been already used, duplicate ignored

\AtBegShi@Output ...ipout \box \AtBeginShipoutBox 
                                                  \fi \fi 
l.121 
       <U:/Year 2/Computing/COMP4Coursework/Manual/Installation/CreateShortcut.
png>]
<./Manual/Installation/FileSelected.png, id=209, 472.76625pt x 350.81062pt>
File: ./Manual/Installation/FileSelected.png Graphic file (type png)

<use ./Manual/Installation/FileSelected.png>
Package pdftex.def Info: ./Manual/Installation/FileSelected.png used on input l
ine 123.
(pdftex.def)             Requested size: 345.0pt x 256.00932pt.
 [16pdfTeX warning (ext4): destination with the same identifier (name{figure.1.
13}) has been already used, duplicate ignored

\AtBegShi@Output ...ipout \box \AtBeginShipoutBox 
                                                  \fi \fi 
l.126 
       <U:/Year 2/Computing/COMP4Coursework/Manual/Installation/BrowseFile.png>
] <./Manual/Installation/NameShortcut.png, id=214, 472.76625pt x 350.81062pt>
File: ./Manual/Installation/NameShortcut.png Graphic file (type png)

<use ./Manual/Installation/NameShortcut.png>
Package pdftex.def Info: ./Manual/Installation/NameShortcut.png used on input l
ine 131.
(pdftex.def)             Requested size: 345.0pt x 256.00932pt.
 [17pdfTeX warning (ext4): destination with the same identifier (name{figure.1.
14}) has been already used, duplicate ignored

\AtBegShi@Output ...ipout \box \AtBeginShipoutBox 
                                                  \fi \fi 
l.134 
       <U:/Year 2/Computing/COMP4Coursework/Manual/Installation/FileSelected.pn
g>] [18pdfTeX warning (ext4): destination with the same identifier (name{figure
.1.15}) has been already used, duplicate ignored

\AtBegShi@Output ...ipout \box \AtBeginShipoutBox 
                                                  \fi \fi 
l.145 \subsection
                 {Tutorial Questions} <U:/Year 2/Computing/COMP4Coursework/Manu
al/Installation/NameShortcut.png>]
Underfull \hbox (badness 2189) in paragraph at lines 160--160
\OT1/cmr/m/n/10 tomers' pub-lish-ing
 []


Underfull \hbox (badness 3942) in paragraph at lines 161--161
[]|\OT1/cmr/m/n/10 "How do I view
 []


Underfull \hbox (badness 4096) in paragraph at lines 161--161
\OT1/cmr/m/n/10 voice items of a
 []


Underfull \hbox (badness 3942) in paragraph at lines 162--162
[]|\OT1/cmr/m/n/10 "How do I view
 []


Underfull \hbox (badness 3525) in paragraph at lines 162--162
\OT1/cmr/m/n/10 cus-tomers' roy-alty
 []


Underfull \hbox (badness 1122) in paragraph at lines 164--164
[]|\OT1/cmr/m/n/10 "How do I cal-cu-
 []


Underfull \hbox (badness 10000) in paragraph at lines 166--166
\OT1/cmr/m/n/10 for an au-thor's
 []


Underfull \hbox (badness 10000) in paragraph at lines 167--167
\OT1/cmr/m/n/10 my User-name/-
 []

[19]
<./Manual/Tutorial/Q1/AddEntryHighlighted.png, id=230, 565.36218pt x 330.48468p
t>
File: ./Manual/Tutorial/Q1/AddEntryHighlighted.png Graphic file (type png)
 <use ./Manual/Tutorial/Q1/AddEntryHighlighted.png>
Package pdftex.def Info: ./Manual/Tutorial/Q1/AddEntryHighlighted.png used on i
nput line 177.
(pdftex.def)             Requested size: 345.0pt x 201.67604pt.
 [20]
<./Manual/Tutorial/Q1/AddingEntry.png, id=236, 493.845pt x 115.93312pt>
File: ./Manual/Tutorial/Q1/AddingEntry.png Graphic file (type png)

<use ./Manual/Tutorial/Q1/AddingEntry.png>
Package pdftex.def Info: ./Manual/Tutorial/Q1/AddingEntry.png used on input lin
e 184.
(pdftex.def)             Requested size: 345.0pt x 80.98987pt.

<./Manual/Tutorial/Q2/SelectingEntry.png, id=237, 565.36218pt x 330.48468pt>
File: ./Manual/Tutorial/Q2/SelectingEntry.png Graphic file (type png)

<use ./Manual/Tutorial/Q2/SelectingEntry.png>
Package pdftex.def Info: ./Manual/Tutorial/Q2/SelectingEntry.png used on input 
line 194.
(pdftex.def)             Requested size: 345.0pt x 201.67604pt.
 [21 <U:/Year 2/Computing/COMP4Coursework/Manual/Tutorial/Q1/AddEntryHighlighte
d.png> <U:/Year 2/Computing/COMP4Coursework/Manual/Tutorial/Q1/AddingEntry.png>
]
<./Manual/Tutorial/Q2/EditField.png, id=243, 493.845pt x 115.93312pt>
File: ./Manual/Tutorial/Q2/EditField.png Graphic file (type png)

<use ./Manual/Tutorial/Q2/EditField.png>
Package pdftex.def Info: ./Manual/Tutorial/Q2/EditField.png used on input line 
200.
(pdftex.def)             Requested size: 345.0pt x 80.98987pt.

<./Manual/Tutorial/Q2/InputText.png, id=244, 170.13562pt x 119.69719pt>
File: ./Manual/Tutorial/Q2/InputText.png Graphic file (type png)

<use ./Manual/Tutorial/Q2/InputText.png>
Package pdftex.def Info: ./Manual/Tutorial/Q2/InputText.png used on input line 
206.
(pdftex.def)             Requested size: 345.0pt x 242.7343pt.
 [22 <U:/Year 2/Computing/COMP4Coursework/Manual/Tutorial/Q2/SelectingEntry.png
> <U:/Year 2/Computing/COMP4Coursework/Manual/Tutorial/Q2/EditField.png>]
<./Manual/Tutorial/Q2/Confirm.png, id=249, 493.845pt x 115.93312pt>
File: ./Manual/Tutorial/Q2/Confirm.png Graphic file (type png)

<use ./Manual/Tutorial/Q2/Confirm.png>
Package pdftex.def Info: ./Manual/Tutorial/Q2/Confirm.png used on input line 21
0.
(pdftex.def)             Requested size: 345.0pt x 80.98987pt.

<./Manual/Tutorial/Q2/Verification.png, id=250, 219.06844pt x 142.28156pt>
File: ./Manual/Tutorial/Q2/Verification.png Graphic file (type png)

<use ./Manual/Tutorial/Q2/Verification.png>
Package pdftex.def Info: ./Manual/Tutorial/Q2/Verification.png used on input li
ne 216.
(pdftex.def)             Requested size: 345.0pt x 224.07726pt.
 [23 <U:/Year 2/Computing/COMP4Coursework/Manual/Tutorial/Q2/InputText.png> <U:
/Year 2/Computing/COMP4Coursework/Manual/Tutorial/Q2/Confirm.png>]
<./Manual/Tutorial/Q3/SelectingCustomer.png, id=255, 565.36218pt x 330.48468pt>
File: ./Manual/Tutorial/Q3/SelectingCustomer.png Graphic file (type png)
<use ./Manual/Tutorial/Q3/SelectingCustomer.png>
Package pdftex.def Info: ./Manual/Tutorial/Q3/SelectingCustomer.png used on inp
ut line 224.
(pdftex.def)             Requested size: 345.0pt x 201.67604pt.

<./Manual/Tutorial/Q3/Verification.png, id=256, 219.06844pt x 142.28156pt>
File: ./Manual/Tutorial/Q3/Verification.png Graphic file (type png)

<use ./Manual/Tutorial/Q3/Verification.png>
Package pdftex.def Info: ./Manual/Tutorial/Q3/Verification.png used on input li
ne 230.
(pdftex.def)             Requested size: 345.0pt x 224.07726pt.
 [24 <U:/Year 2/Computing/COMP4Coursework/Manual/Tutorial/Q2/Verification.png> 
<U:/Year 2/Computing/COMP4Coursework/Manual/Tutorial/Q3/SelectingCustomer.png>]

<./Manual/Tutorial/Q3/Erased.png, id=263, 219.06844pt x 110.66344pt>
File: ./Manual/Tutorial/Q3/Erased.png Graphic file (type png)

<use ./Manual/Tutorial/Q3/Erased.png>
Package pdftex.def Info: ./Manual/Tutorial/Q3/Erased.png used on input line 234
.
(pdftex.def)             Requested size: 345.0pt x 174.28229pt.

<./Manual/Tutorial/Q4/View.png, id=264, 565.36218pt x 330.48468pt>
File: ./Manual/Tutorial/Q4/View.png Graphic file (type png)

<use ./Manual/Tutorial/Q4/View.png>
Package pdftex.def Info: ./Manual/Tutorial/Q4/View.png used on input line 242.
(pdftex.def)             Requested size: 345.0pt x 201.67604pt.
 [25 <U:/Year 2/Computing/COMP4Coursework/Manual/Tutorial/Q3/Verification.png> 
<U:/Year 2/Computing/COMP4Coursework/Manual/Tutorial/Q3/Erased.png>]
<./Manual/Tutorial/Q4/CustomerBooks.png, id=270, 565.36218pt x 330.48468pt>
File: ./Manual/Tutorial/Q4/CustomerBooks.png Graphic file (type png)

<use ./Manual/Tutorial/Q4/CustomerBooks.png>
Package pdftex.def Info: ./Manual/Tutorial/Q4/CustomerBooks.png used on input l
ine 248.
(pdftex.def)             Requested size: 345.0pt x 201.67604pt.

<./Manual/Tutorial/Q5/AddBook.png, id=271, 565.36218pt x 330.48468pt>
File: ./Manual/Tutorial/Q5/AddBook.png Graphic file (type png)

<use ./Manual/Tutorial/Q5/AddBook.png>
Package pdftex.def Info: ./Manual/Tutorial/Q5/AddBook.png used on input line 25
8.
(pdftex.def)             Requested size: 345.0pt x 201.67604pt.
 [26 <U:/Year 2/Computing/COMP4Coursework/Manual/Tutorial/Q4/View.png> <U:/Year
 2/Computing/COMP4Coursework/Manual/Tutorial/Q4/CustomerBooks.png>]
<./Manual/Tutorial/Q5/AddBookWindow.png, id=277, 283.0575pt x 179.92218pt>
File: ./Manual/Tutorial/Q5/AddBookWindow.png Graphic file (type png)

<use ./Manual/Tutorial/Q5/AddBookWindow.png>
Package pdftex.def Info: ./Manual/Tutorial/Q5/AddBookWindow.png used on input l
ine 264.
(pdftex.def)             Requested size: 345.0pt x 219.31256pt.

<./Manual/Tutorial/Q6/UpdateBook.png, id=278, 565.36218pt x 330.48468pt>
File: ./Manual/Tutorial/Q6/UpdateBook.png Graphic file (type png)

<use ./Manual/Tutorial/Q6/UpdateBook.png>
Package pdftex.def Info: ./Manual/Tutorial/Q6/UpdateBook.png used on input line
 274.
(pdftex.def)             Requested size: 345.0pt x 201.67604pt.
 [27 <U:/Year 2/Computing/COMP4Coursework/Manual/Tutorial/Q5/AddBook.png> <U:/Y
ear 2/Computing/COMP4Coursework/Manual/Tutorial/Q5/AddBookWindow.png>]
<./Manual/Tutorial/Q6/EditBook.png, id=284, 283.0575pt x 179.92218pt>
File: ./Manual/Tutorial/Q6/EditBook.png Graphic file (type png)

<use ./Manual/Tutorial/Q6/EditBook.png>
Package pdftex.def Info: ./Manual/Tutorial/Q6/EditBook.png used on input line 2
80.
(pdftex.def)             Requested size: 345.0pt x 219.31256pt.
 [28 <U:/Year 2/Computing/COMP4Coursework/Manual/Tutorial/Q6/UpdateBook.png> <U
:/Year 2/Computing/COMP4Coursework/Manual/Tutorial/Q6/EditBook.png>]
<./Manual/Tutorial/Q6/Verification.png, id=289, 219.06844pt x 142.28156pt>
File: ./Manual/Tutorial/Q6/Verification.png Graphic file (type png)

<use ./Manual/Tutorial/Q6/Verification.png>
Package pdftex.def Info: ./Manual/Tutorial/Q6/Verification.png used on input li
ne 286.
(pdftex.def)             Requested size: 345.0pt x 224.07726pt.

<./Manual/Tutorial/Q7/DeleteBook.png, id=290, 565.36218pt x 330.48468pt>
File: ./Manual/Tutorial/Q7/DeleteBook.png Graphic file (type png)

<use ./Manual/Tutorial/Q7/DeleteBook.png>
Package pdftex.def Info: ./Manual/Tutorial/Q7/DeleteBook.png used on input line
 296.
(pdftex.def)             Requested size: 345.0pt x 201.67604pt.
 [29 <U:/Year 2/Computing/COMP4Coursework/Manual/Tutorial/Q6/Verification.png> 
<U:/Year 2/Computing/COMP4Coursework/Manual/Tutorial/Q7/DeleteBook.png>]
<./Manual/Tutorial/Q7/Verification.png, id=296, 219.06844pt x 142.28156pt>
File: ./Manual/Tutorial/Q7/Verification.png Graphic file (type png)

<use ./Manual/Tutorial/Q7/Verification.png>
Package pdftex.def Info: ./Manual/Tutorial/Q7/Verification.png used on input li
ne 302.
(pdftex.def)             Requested size: 345.0pt x 224.07726pt.

<./Manual/Tutorial/Q7/Deleted.png, id=297, 219.06844pt x 110.66344pt>
File: ./Manual/Tutorial/Q7/Deleted.png Graphic file (type png)

<use ./Manual/Tutorial/Q7/Deleted.png>
Package pdftex.def Info: ./Manual/Tutorial/Q7/Deleted.png used on input line 30
6.
(pdftex.def)             Requested size: 345.0pt x 174.28229pt.

<./Manual/Tutorial/Q8/ViewPubInvoice.png, id=298, 565.36218pt x 330.48468pt>
File: ./Manual/Tutorial/Q8/ViewPubInvoice.png Graphic file (type png)

<use ./Manual/Tutorial/Q8/ViewPubInvoice.png>
Package pdftex.def Info: ./Manual/Tutorial/Q8/ViewPubInvoice.png used on input 
line 316.
(pdftex.def)             Requested size: 345.0pt x 201.67604pt.
 [30 <U:/Year 2/Computing/COMP4Coursework/Manual/Tutorial/Q7/Verification.png> 
<U:/Year 2/Computing/COMP4Coursework/Manual/Tutorial/Q7/Deleted.png>]
<./Manual/Tutorial/Q8/PubInvoices.png, id=305, 493.845pt x 194.97844pt>
File: ./Manual/Tutorial/Q8/PubInvoices.png Graphic file (type png)

<use ./Manual/Tutorial/Q8/PubInvoices.png>
Package pdftex.def Info: ./Manual/Tutorial/Q8/PubInvoices.png used on input lin
e 322.
(pdftex.def)             Requested size: 345.0pt x 136.21025pt.

<./Manual/Tutorial/Q9/ViewBookInvoices.png, id=306, 565.36218pt x 330.48468pt>
File: ./Manual/Tutorial/Q9/ViewBookInvoices.png Graphic file (type png)

<use ./Manual/Tutorial/Q9/ViewBookInvoices.png>
Package pdftex.def Info: ./Manual/Tutorial/Q9/ViewBookInvoices.png used on inpu
t line 332.
(pdftex.def)             Requested size: 345.0pt x 201.67604pt.
 [31 <U:/Year 2/Computing/COMP4Coursework/Manual/Tutorial/Q8/ViewPubInvoice.png
> <U:/Year 2/Computing/COMP4Coursework/Manual/Tutorial/Q8/PubInvoices.png>]
<./Manual/Tutorial/Q9/ViewBookInvoiceItems.png, id=312, 493.845pt x 194.97844pt
>
File: ./Manual/Tutorial/Q9/ViewBookInvoiceItems.png Graphic file (type png)
 <use ./Manual/Tutorial/Q9/ViewBookInvoiceItems.png>
Package pdftex.def Info: ./Manual/Tutorial/Q9/ViewBookInvoiceItems.png used on 
input line 338.
(pdftex.def)             Requested size: 345.0pt x 136.21025pt.

<./Manual/Tutorial/Q10/ViewRoyalties.png, id=313, 565.36218pt x 330.48468pt>
File: ./Manual/Tutorial/Q10/ViewRoyalties.png Graphic file (type png)

<use ./Manual/Tutorial/Q10/ViewRoyalties.png>
Package pdftex.def Info: ./Manual/Tutorial/Q10/ViewRoyalties.png used on input 
line 350.
(pdftex.def)             Requested size: 345.0pt x 201.67604pt.
 [32 <U:/Year 2/Computing/COMP4Coursework/Manual/Tutorial/Q9/ViewBookInvoices.p
ng> <U:/Year 2/Computing/COMP4Coursework/Manual/Tutorial/Q9/ViewBookInvoiceItem
s.png>]
<./Manual/Tutorial/Q10/ViewRoyaltyItems.png, id=319, 493.845pt x 194.97844pt>
File: ./Manual/Tutorial/Q10/ViewRoyaltyItems.png Graphic file (type png)

<use ./Manual/Tutorial/Q10/ViewRoyaltyItems.png>
Package pdftex.def Info: ./Manual/Tutorial/Q10/ViewRoyaltyItems.png used on inp
ut line 356.
(pdftex.def)             Requested size: 345.0pt x 136.21025pt.

<./Manual/Tutorial/Q11/CalculatePayment.png, id=320, 493.845pt x 194.97844pt>
File: ./Manual/Tutorial/Q11/CalculatePayment.png Graphic file (type png)

<use ./Manual/Tutorial/Q11/CalculatePayment.png>
Package pdftex.def Info: ./Manual/Tutorial/Q11/CalculatePayment.png used on inp
ut line 368.
(pdftex.def)             Requested size: 345.0pt x 136.21025pt.
 [33 <U:/Year 2/Computing/COMP4Coursework/Manual/Tutorial/Q10/ViewRoyalties.png
> <U:/Year 2/Computing/COMP4Coursework/Manual/Tutorial/Q10/ViewRoyaltyItems.png
>]
<./Manual/Tutorial/Q12/CalculatePayment.png, id=326, 493.845pt x 194.97844pt>
File: ./Manual/Tutorial/Q12/CalculatePayment.png Graphic file (type png)

<use ./Manual/Tutorial/Q12/CalculatePayment.png>
Package pdftex.def Info: ./Manual/Tutorial/Q12/CalculatePayment.png used on inp
ut line 380.
(pdftex.def)             Requested size: 345.0pt x 136.21025pt.
 [34 <U:/Year 2/Computing/COMP4Coursework/Manual/Tutorial/Q11/CalculatePayment.
png> <U:/Year 2/Computing/COMP4Coursework/Manual/Tutorial/Q12/CalculatePayment.
png>]
<./Manual/Tutorial/Q13/QuickSearch.png, id=333, 565.36218pt x 330.48468pt>
File: ./Manual/Tutorial/Q13/QuickSearch.png Graphic file (type png)

<use ./Manual/Tutorial/Q13/QuickSearch.png>
Package pdftex.def Info: ./Manual/Tutorial/Q13/QuickSearch.png used on input li
ne 394.
(pdftex.def)             Requested size: 345.0pt x 201.67604pt.

<./Manual/Tutorial/Q13/SearchDatabase.png, id=334, 565.36218pt x 330.48468pt>
File: ./Manual/Tutorial/Q13/SearchDatabase.png Graphic file (type png)

<use ./Manual/Tutorial/Q13/SearchDatabase.png>
Package pdftex.def Info: ./Manual/Tutorial/Q13/SearchDatabase.png used on input
 line 404.
(pdftex.def)             Requested size: 345.0pt x 201.67604pt.
 [35 <U:/Year 2/Computing/COMP4Coursework/Manual/Tutorial/Q13/QuickSearch.png> 
<U:/Year 2/Computing/COMP4Coursework/Manual/Tutorial/Q13/SearchDatabase.png>]
<./Manual/Tutorial/Q13/SearchDatabaseWindow.png, id=339, 313.17pt x 179.92218pt
>
File: ./Manual/Tutorial/Q13/SearchDatabaseWindow.png Graphic file (type png)
 <use ./Manual/Tutorial/Q13/SearchDatabaseWindow.png>
Package pdftex.def Info: ./Manual/Tutorial/Q13/SearchDatabaseWindow.png used on
 input line 410.
(pdftex.def)             Requested size: 345.0pt x 198.217pt.
File: ./Manual/Tutorial/Q13/SearchDatabase.png Graphic file (type png)

<use ./Manual/Tutorial/Q13/SearchDatabase.png>
Package pdftex.def Info: ./Manual/Tutorial/Q13/SearchDatabase.png used on input
 line 420.
(pdftex.def)             Requested size: 345.0pt x 201.67604pt.

<./Manual/Tutorial/Q14/BookComboBox.png, id=340, 313.17pt x 179.92218pt>
File: ./Manual/Tutorial/Q14/BookComboBox.png Graphic file (type png)

<use ./Manual/Tutorial/Q14/BookComboBox.png>
Package pdftex.def Info: ./Manual/Tutorial/Q14/BookComboBox.png used on input l
ine 426.
(pdftex.def)             Requested size: 345.0pt x 198.217pt.
 [36 <U:/Year 2/Computing/COMP4Coursework/Manual/Tutorial/Q13/SearchDatabaseWin
dow.png>]
<./Manual/Tutorial/Q14/DateSearch.png, id=347, 313.17pt x 179.92218pt>
File: ./Manual/Tutorial/Q14/DateSearch.png Graphic file (type png)

<use ./Manual/Tutorial/Q14/DateSearch.png>
Package pdftex.def Info: ./Manual/Tutorial/Q14/DateSearch.png used on input lin
e 432.
(pdftex.def)             Requested size: 345.0pt x 198.217pt.

<./Manual/Tutorial/Q14/SelectDate.png, id=348, 211.54031pt x 236.38312pt>
File: ./Manual/Tutorial/Q14/SelectDate.png Graphic file (type png)

<use ./Manual/Tutorial/Q14/SelectDate.png>
Package pdftex.def Info: ./Manual/Tutorial/Q14/SelectDate.png used on input lin
e 436.
(pdftex.def)             Requested size: 345.0pt x 385.5283pt.
 [37 <U:/Year 2/Computing/COMP4Coursework/Manual/Tutorial/Q14/BookComboBox.png>
 <U:/Year 2/Computing/COMP4Coursework/Manual/Tutorial/Q14/DateSearch.png>]
<./Manual/Tutorial/Q14/Search.png, id=353, 313.17pt x 179.92218pt>
File: ./Manual/Tutorial/Q14/Search.png Graphic file (type png)

<use ./Manual/Tutorial/Q14/Search.png>
Package pdftex.def Info: ./Manual/Tutorial/Q14/Search.png used on input line 44
2.
(pdftex.def)             Requested size: 345.0pt x 198.217pt.
 [38 <U:/Year 2/Computing/COMP4Coursework/Manual/Tutorial/Q14/SelectDate.png>]
<./Manual/Tutorial/Q15/ChangeUsernameOrPassword.png, id=358, 565.36218pt x 330.
48468pt>
File: ./Manual/Tutorial/Q15/ChangeUsernameOrPassword.png Graphic file (type png
)
 <use ./Manual/Tutorial/Q15/ChangeUsernameOrPassword.png>
Package pdftex.def Info: ./Manual/Tutorial/Q15/ChangeUsernameOrPassword.png use
d on input line 452.
(pdftex.def)             Requested size: 345.0pt x 201.67604pt.

<./Manual/Tutorial/Q15/Selection.png, id=359, 313.17pt x 67.0003pt>
File: ./Manual/Tutorial/Q15/Selection.png Graphic file (type png)

<use ./Manual/Tutorial/Q15/Selection.png>
Package pdftex.def Info: ./Manual/Tutorial/Q15/Selection.png used on input line
 458.
(pdftex.def)             Requested size: 345.0pt x 73.81299pt.
 [39 <U:/Year 2/Computing/COMP4Coursework/Manual/Tutorial/Q14/Search.png> <U:/Y
ear 2/Computing/COMP4Coursework/Manual/Tutorial/Q15/ChangeUsernameOrPassword.pn
g>]
<./Manual/Tutorial/Q15/ChangeUsername.png, id=365, 341.02406pt x 121.95563pt>
File: ./Manual/Tutorial/Q15/ChangeUsername.png Graphic file (type png)

<use ./Manual/Tutorial/Q15/ChangeUsername.png>
Package pdftex.def Info: ./Manual/Tutorial/Q15/ChangeUsername.png used on input
 line 464.
(pdftex.def)             Requested size: 345.0pt x 123.38446pt.

<./Manual/Tutorial/Q15/UsernameChanged.png, id=366, 189.70876pt x 90.3375pt>
File: ./Manual/Tutorial/Q15/UsernameChanged.png Graphic file (type png)

<use ./Manual/Tutorial/Q15/UsernameChanged.png>
Package pdftex.def Info: ./Manual/Tutorial/Q15/UsernameChanged.png used on inpu
t line 470.
(pdftex.def)             Requested size: 345.0pt x 164.30283pt.

<./Manual/Tutorial/Q15/ChangePassword.png, id=367, 339.51843pt x 121.95563pt>
File: ./Manual/Tutorial/Q15/ChangePassword.png Graphic file (type png)

<use ./Manual/Tutorial/Q15/ChangePassword.png>
Package pdftex.def Info: ./Manual/Tutorial/Q15/ChangePassword.png used on input
 line 476.
(pdftex.def)             Requested size: 345.0pt x 123.9297pt.
 [40 <U:/Year 2/Computing/COMP4Coursework/Manual/Tutorial/Q15/Selection.png> <U
:/Year 2/Computing/COMP4Coursework/Manual/Tutorial/Q15/ChangeUsername.png> <U:/
Year 2/Computing/COMP4Coursework/Manual/Tutorial/Q15/UsernameChanged.png>]
<./Manual/Tutorial/Q15/PasswordChanged.png, id=372, 187.45032pt x 90.3375pt>
File: ./Manual/Tutorial/Q15/PasswordChanged.png Graphic file (type png)

<use ./Manual/Tutorial/Q15/PasswordChanged.png>
Package pdftex.def Info: ./Manual/Tutorial/Q15/PasswordChanged.png used on inpu
t line 482.
(pdftex.def)             Requested size: 345.0pt x 166.27536pt.
 [41 <U:/Year 2/Computing/COMP4Coursework/Manual/Tutorial/Q15/ChangePassword.pn
g> <U:/Year 2/Computing/COMP4Coursework/Manual/Tutorial/Q15/PasswordChanged.png
>]
<./Manual/InvalidEntries.png, id=377, 350.81062pt x 217.5628pt>
File: ./Manual/InvalidEntries.png Graphic file (type png)

<use ./Manual/InvalidEntries.png>
Package pdftex.def Info: ./Manual/InvalidEntries.png used on input line 501.
(pdftex.def)             Requested size: 345.0pt x 213.97363pt.

<./Manual/InvalidEntries2.png, id=378, 350.81062pt x 142.28156pt>
File: ./Manual/InvalidEntries2.png Graphic file (type png)

<use ./Manual/InvalidEntries2.png>
Package pdftex.def Info: ./Manual/InvalidEntries2.png used on input line 506.
(pdftex.def)             Requested size: 345.0pt x 139.93431pt.
 [42pdfTeX warning (ext4): destination with the same identifier (name{figure.1.
16}) has been already used, duplicate ignored

\AtBegShi@Output ...ipout \box \AtBeginShipoutBox 
                                                  \fi \fi 
l.509 
       <U:/Year 2/Computing/COMP4Coursework/Manual/InvalidEntries.png>]
<./Manual/Prompt.png, id=385, 194.97844pt x 90.3375pt>
File: ./Manual/Prompt.png Graphic file (type png)

<use ./Manual/Prompt.png>
Package pdftex.def Info: ./Manual/Prompt.png used on input line 511.
(pdftex.def)             Requested size: 345.0pt x 159.85185pt.
 [43pdfTeX warning (ext4): destination with the same identifier (name{figure.1.
17}) has been already used, duplicate ignored

\AtBegShi@Output ...ipout \box \AtBeginShipoutBox 
                                                  \fi \fi 
l.524 1
       . First, you must navigate to where the executable file of the system...
pdfTeX warning (ext4): destination with the same identifier (name{figure.1.18})
 has been already used, duplicate ignored

\AtBegShi@Output ...ipout \box \AtBeginShipoutBox 
                                                  \fi \fi 
l.524 1
       . First, you must navigate to where the executable file of the system...
 <U:/Year 2/Computing/COMP4Coursework/Manual/InvalidEntries2.png> <U:/Year 2/Co
mputing/COMP4Coursework/Manual/Prompt.png>]
<./Manual/CopyDB.png, id=393, 362.10281pt x 402.00188pt>
File: ./Manual/CopyDB.png Graphic file (type png)

<use ./Manual/CopyDB.png>
Package pdftex.def Info: ./Manual/CopyDB.png used on input line 529.
(pdftex.def)             Requested size: 345.0pt x 383.02214pt.
 [44pdfTeX warning (ext4): destination with the same identifier (name{figure.1.
19}) has been already used, duplicate ignored

\AtBegShi@Output ...ipout \box \AtBeginShipoutBox 
                                                  \fi \fi 
l.537 5
       . You have successfully backed up the database <U:/Year 2/Computing/COMP
4Coursework/Manual/CopyDB.png>]
<./Manual/CopiedFile.png, id=399, 438.13687pt x 34.62938pt>
File: ./Manual/CopiedFile.png Graphic file (type png)

<use ./Manual/CopiedFile.png>
Package pdftex.def Info: ./Manual/CopiedFile.png used on input line 552.
(pdftex.def)             Requested size: 345.0pt x 27.26865pt.

<./Manual/DeleteOriginal.png, id=400, 297.36093pt x 86.57344pt>
File: ./Manual/DeleteOriginal.png Graphic file (type png)

<use ./Manual/DeleteOriginal.png>
Package pdftex.def Info: ./Manual/DeleteOriginal.png used on input line 558.
(pdftex.def)             Requested size: 345.0pt x 100.4477pt.

<./Manual/Rename.png, id=401, 136.25906pt x 81.30376pt>
File: ./Manual/Rename.png Graphic file (type png)

<use ./Manual/Rename.png>
Package pdftex.def Info: ./Manual/Rename.png used on input line 563.
(pdftex.def)             Requested size: 345.0pt x 205.86906pt.
 [45pdfTeX warning (ext4): destination with the same identifier (name{figure.1.
20}) has been already used, duplicate ignored

\AtBegShi@Output ...ipout \box \AtBeginShipoutBox 
                                                  \fi \fi 
l.566 
       <U:/Year 2/Computing/COMP4Coursework/Manual/CopiedFile.png> <U:/Year 2/C
omputing/COMP4Coursework/Manual/DeleteOriginal.png>]) [46pdfTeX warning (ext4):
 destination with the same identifier (name{figure.1.21}) has been already used
, duplicate ignored

\AtBegShi@Output ...ipout \box \AtBeginShipoutBox 
                                                  \fi \fi 
l.15 \include{./Manual/manual}
                               <U:/Year 2/Computing/COMP4Coursework/Manual/Rena
me.png>]
\tf@ptc=\write8
Package atveryend Info: Empty hook `BeforeClearDocument' on input line 17.
Package atveryend Info: Empty hook `AfterLastShipout' on input line 17.
 ("U:\Year 2\Computing\COMP4Coursework\coursework.aux"
("U:\Year 2\Computing\COMP4Coursework\Manual\manual.aux"))
Package atveryend Info: Executing hook `AtVeryEndDocument' on input line 17.
Package atveryend Info: Executing hook `AtEndAfterFileList' on input line 17.
Package rerunfilecheck Info: File `coursework.out' has not changed.
(rerunfilecheck)             Checksum: 7D2C45D48A412121A17617C8B9562F5D;1136.
Package atveryend Info: Empty hook `AtVeryVeryEnd' on input line 17.
 ) 
Here is how much of TeX's memory you used:
 10426 strings out of 493705
 155218 string characters out of 3142200
 252178 words of memory out of 3000000
 13418 multiletter control sequences out of 15000+200000
 10235 words of font info for 37 fonts, out of 3000000 for 9000
 1025 hyphenation exceptions out of 8191
 38i,12n,45p,711b,383s stack positions out of 5000i,500n,10000p,200000b,50000s
<C:/Program Files (x86)/MiKTeX 2.9/fonts/type1/public/amsfonts/cm/cmbx10.pfb>
<C:/Program Files (x86)/MiKTeX 2.9/fonts/type1/public/amsfonts/cm/cmbx12.pfb><C
:/Program Files (x86)/MiKTeX 2.9/fonts/type1/public/amsfonts/cm/cmr10.pfb><C:/P
rogram Files (x86)/MiKTeX 2.9/fonts/type1/public/amsfonts/cm/cmr12.pfb><C:/Prog
ram Files (x86)/MiKTeX 2.9/fonts/type1/public/amsfonts/cm/cmr17.pfb><C:/Program
 Files (x86)/MiKTeX 2.9/fonts/type1/public/amsfonts/cm/cmsy10.pfb>
Output written on coursework.pdf (47 pages, 597843 bytes).
PDF statistics:
 457 PDF objects out of 1000 (max. 8388607)
 102 named destinations out of 1000 (max. 500000)
 452 words of extra memory for PDF output out of 10000 (max. 10000000)

